app_rac/build/outputs/mapping/debug/seeds.txt
com.byreytiz.game.gui.util.SeekArc
com.byreytiz.game.core.GTASA
com.byreytiz.game.core.DialogClientSettingsColorFragment
com.byreytiz.game.core.DialogClientSettings
com.byreytiz.game.core.DialogClientSettingsCommonFragment
com.byreytiz.game.core.DialogClientSettingsFPSFragment
com.byreytiz.game.gui.util.CustomRecyclerView
com.byreytiz.game.core.NotificationDialogFragment
com.byreytiz.game.core.DialogClientSettingsHUDFragment
com.byreytiz.game.core.DialogClientSettingsWeaponsFragment
com.byreytiz.game.core.DialogClientSettingsHUDFragment: DialogClientSettingsHUDFragment()
com.byreytiz.game.gui.util.SeekArc: int getStartAngle()
com.byreytiz.game.gui.util.SeekArc: int getProgressColor()
com.byreytiz.game.gui.util.SeekArc: void setMax(int)
com.byreytiz.game.gui.util.SeekArc: void setArcWidth(int)
com.byreytiz.game.gui.util.SeekArc: int getProgress()
com.byreytiz.game.gui.util.SeekArc: void setArcColor(int)
com.byreytiz.game.gui.util.SeekArc: void setProgress(int)
com.byreytiz.game.gui.util.CustomRecyclerView: int getScrollForRecycler()
com.byreytiz.game.gui.util.SeekArc: void setRoundedEdges(boolean)
com.byreytiz.game.core.DialogClientSettingsWeaponsFragment: DialogClientSettingsWeaponsFragment()
com.byreytiz.game.gui.util.SeekArc: void setProgressWidth(int)
com.byreytiz.game.core.DialogClientSettingsFPSFragment: DialogClientSettingsFPSFragment()
com.byreytiz.game.gui.util.CustomRecyclerView: CustomRecyclerView(android.content.Context,android.util.AttributeSet)
com.byreytiz.game.gui.util.SeekArc: int getArcRotation()
com.byreytiz.game.gui.util.SeekArc: int getSweepAngle()
com.byreytiz.game.core.DialogClientSettingsColorFragment: DialogClientSettingsColorFragment()
com.byreytiz.game.gui.util.SeekArc: void setProgressColor(int)
com.byreytiz.game.gui.util.SeekArc: int getProgressWidth()
com.byreytiz.game.gui.util.SeekArc: void setTouchInSide(boolean)
com.byreytiz.game.gui.util.SeekArc: int getArcColor()
com.byreytiz.game.gui.util.SeekArc: void setEnabled(boolean)
com.byreytiz.game.gui.util.SeekArc: void setOnSeekArcChangeListener(com.byreytiz.game.gui.util.SeekArc$OnSeekArcChangeListener)
com.byreytiz.game.gui.util.SeekArc: SeekArc(android.content.Context,android.util.AttributeSet)
com.byreytiz.game.gui.util.SeekArc: void setSweepAngle(int)
com.byreytiz.game.core.NotificationDialogFragment: NotificationDialogFragment()
com.byreytiz.game.gui.util.SeekArc: void setClockwise(boolean)
com.byreytiz.game.core.GTASA: GTASA()
com.byreytiz.game.gui.util.SeekArc: int getMax()
com.byreytiz.game.gui.util.SeekArc: int getArcWidth()
com.byreytiz.game.core.DialogClientSettingsCommonFragment: DialogClientSettingsCommonFragment()
com.byreytiz.game.gui.util.SeekArc: void setStartAngle(int)
com.byreytiz.game.gui.util.CustomRecyclerView: void setEnableScrolling(boolean)
com.byreytiz.game.core.DialogClientSettings: DialogClientSettings()
com.byreytiz.game.gui.util.SeekArc: void setArcRotation(int)
...
androidx.activity.ComponentActivity: void onBackPressed()
com.smarteist.autoimageslider.SliderAnimations: com.smarteist.autoimageslider.SliderAnimations valueOf(java.lang.String)
com.nvidia.devtech.NvEventQueueActivity: void show_sc(int,int)
androidx.appcompat.widget.ViewStubCompat: void setVisibility(int)
androidx.appcompat.view.menu.ListMenuItemView: void setSubMenuArrowVisible(boolean)
androidx.preference.internal.PreferenceImageView: int getMaxHeight()
androidx.core.widget.NestedScrollView: float getTopFadingEdgeStrength()
com.nvidia.devtech.NvEventQueueActivity: void lambda$showZona$9()
com.google.android.material.theme.MaterialComponentsViewInflater: MaterialComponentsViewInflater()
com.smarteist.autoimageslider.SliderView: int getIndicatorSelectedColor()
androidx.appcompat.widget.AppCompatSpinner: void setPopupBackgroundResource(int)
com.nvidia.devtech.NvEventQueueActivity$3: NvEventQueueActivity$3(com.nvidia.devtech.NvEventQueueActivity)
com.google.android.material.button.MaterialButton: android.content.res.ColorStateList getSupportBackgroundTintList()
com.nvidia.devtech.NvEventQueueActivity: void showDialog(int,int,java.lang.String,java.lang.String,java.lang.String,java.lang.String)
androidx.appcompat.widget.AppCompatMultiAutoCompleteTextView: void setBackgroundResource(int)
androidx.appcompat.widget.AppCompatRadioButton: android.content.res.ColorStateList getSupportButtonTintList()
com.nvidia.devtech.NvEventQueueActivity$5: void run()
com.wardrumstudios.utils.WarMedia: boolean ServiceAppCommand(java.lang.String,java.lang.String)
androidx.appcompat.widget.ActionBarContainer: void setPrimaryBackground(android.graphics.drawable.Drawable)
com.smarteist.autoimageslider.IndicatorView.PageIndicatorView: void setRadius(float)
androidx.appcompat.app.AlertController$RecycleListView: AlertController$RecycleListView(android.content.Context,android.util.AttributeSet)
com.smarteist.autoimageslider.SliderPager: void setPageMarginDrawable(int)
androidx.appcompat.widget.SearchView: void setMaxWidth(int)
androidx.recyclerview.widget.RecyclerView: void setEdgeEffectFactory(androidx.recyclerview.widget.RecyclerView$EdgeEffectFactory)
com.akexorcist.roundcornerprogressbar.common.AnimatedRoundCornerProgressBar: boolean isProgressAnimating()
com.dinuscxj.progressbar.CircleProgressBar: int getProgress()
com.nvidia.devtech.NvEventQueueActivity: void cleanup()
androidx.appcompat.view.menu.ActionMenuItemView: void setItemInvoker(androidx.appcompat.view.menu.MenuBuilder$ItemInvoker)
androidx.appcompat.widget.Toolbar: android.graphics.drawable.Drawable getCollapseIcon()
androidx.appcompat.widget.ActionBarContainer: void setStackedBackground(android.graphics.drawable.Drawable)
androidx.appcompat.widget.AppCompatSpinner: void setPopupBackgroundDrawable(android.graphics.drawable.Drawable)
androidx.appcompat.widget.FitWindowsLinearLayout: void setOnFitSystemWindowsListener(androidx.appcompat.widget.FitWindowsViewGroup$OnFitSystemWindowsListener)
androidx.core.view.WindowInsetsCompat$Impl: androidx.core.graphics.Insets getStableInsets()
androidx.cardview.widget.CardView: float getRadius()
androidx.appcompat.app.AppCompatActivity: void onTitleChanged(java.lang.CharSequence,int)
com.nvidia.devtech.NvEventQueueActivity: void lambda$hidex2$12()
com.akexorcist.roundcornerprogressbar.common.AnimatedRoundCornerProgressBar: float getProgress()
androidx.appcompat.widget.SwitchCompat: void setThumbPosition(float)
com.dinuscxj.progressbar.CircleProgressBar: void setShader(int)
androidx.appcompat.widget.SwitchCompat: void setChecked(boolean)
androidx.appcompat.widget.AppCompatImageView: android.graphics.PorterDuff$Mode getSupportImageTintMode()
androidx.appcompat.widget.Toolbar: void setLogo(int)
androidx.appcompat.widget.AppCompatTextView: void setFirstBaselineToTopHeight(int)
com.nvidia.devtech.NvEventQueueActivity: void show_visokii()
androidx.appcompat.widget.AppCompatSpinner: void setDropDownWidth(int)