app_rac/build/outputs/mapping/debug/mapping.txt
# compiler: R8
# compiler_version: 3.0.76
# min_api: 21
# pg_map_id: 2b75819
# common_typos_disable
com.byreytiz.game.R$styleable -> u1.a:
    int[] SeekArc -> a
com.byreytiz.game.core.DialogClientSettings -> v1.a:
    com.nvidia.devtech.NvEventQueueActivity mContext -> u0
    com.google.android.material.tabs.TabLayout tabLayout -> s0
    androidx.viewpager.widget.ViewPager viewPager -> t0
    18:31:void <init>() -> <init>
    38:65:android.view.View onCreateView(android.view.LayoutInflater,android.view.ViewGroup,android.os.Bundle) -> k0
com.byreytiz.game.core.DialogClientSettings$1 -> v1.a$a:
    com.byreytiz.game.core.DialogClientSettings this$0 -> e
    55:55:void <init>(com.byreytiz.game.core.DialogClientSettings) -> <init>
    58:60:void onClick(android.view.View) -> onClick
com.byreytiz.game.core.DialogClientSettingsAdapter -> v1.b:
    java.util.List mTitleCollection -> i
    java.util.List mFragmentCollection -> h
    12:17:void <init>(androidx.fragment.app.FragmentManager,int) -> <init>
    35:35:int getCount() -> e
    27:27:java.lang.CharSequence getPageTitle(int) -> g
    31:31:androidx.fragment.app.Fragment getItem(int) -> v
    21:23:void addFragment(java.lang.String,androidx.fragment.app.Fragment) -> y
com.byreytiz.game.core.DialogClientSettingsColorFragment -> v1.c:
    com.nvidia.devtech.NvEventQueueActivity mContext -> k0
    androidx.appcompat.widget.AppCompatButton mButtonHPColor -> c0
    androidx.appcompat.widget.AppCompatButton mButtonArmorColor -> d0
    androidx.appcompat.widget.AppCompatButton mButtonMoneyColor -> e0
    androidx.appcompat.widget.AppCompatButton mButtonWantedColor -> f0
    androidx.appcompat.widget.AppCompatButton mButtonHpTextColor -> g0
    androidx.appcompat.widget.AppCompatButton mButtonArmorTextColor -> h0
    androidx.appcompat.widget.AppCompatButton mButtonRadarColor -> i0
    androidx.appcompat.widget.AppCompatButton mButtonAmmoColor -> j0
    20:31:void <init>() -> <init>
    20:20:com.nvidia.devtech.NvEventQueueActivity access$000(com.byreytiz.game.core.DialogClientSettingsColorFragment) -> A1
    35:36:com.byreytiz.game.core.DialogClientSettingsColorFragment createInstance(java.lang.String) -> B1
    380:404:void getValues() -> C1
    43:370:android.view.View onCreateView(android.view.LayoutInflater,android.view.ViewGroup,android.os.Bundle) -> k0
com.byreytiz.game.core.DialogClientSettingsColorFragment$1 -> v1.c$a:
    com.byreytiz.game.core.DialogClientSettingsColorFragment this$0 -> e
    58:58:void <init>(com.byreytiz.game.core.DialogClientSettingsColorFragment) -> <init>
    62:94:void onClick(android.view.View) -> onClick
com.byreytiz.game.core.DialogClientSettingsColorFragment$1$1 -> v1.c$a$a:
    74:74:void <init>(com.byreytiz.game.core.DialogClientSettingsColorFragment$1) -> <init>
    77:78:void onClick(android.content.DialogInterface,int) -> onClick
com.byreytiz.game.core.DialogClientSettingsColorFragment$1$2 -> v1.c$a$b:
    com.byreytiz.game.core.DialogClientSettingsColorFragment$1 this$1 -> a
    65:65:void <init>(com.byreytiz.game.core.DialogClientSettingsColorFragment$1) -> <init>
    68:71:void onColorSelected(com.skydoves.colorpickerview.ColorEnvelope,boolean) -> b
com.byreytiz.game.core.DialogClientSettingsColorFragment$2 -> v1.c$b:
    com.byreytiz.game.core.DialogClientSettingsColorFragment this$0 -> e
    97:97:void <init>(com.byreytiz.game.core.DialogClientSettingsColorFragment) -> <init>
    101:133:void onClick(android.view.View) -> onClick
com.byreytiz.game.core.DialogClientSettingsColorFragment$2$1 -> v1.c$b$a:
    113:113:void <init>(com.byreytiz.game.core.DialogClientSettingsColorFragment$2) -> <init>
    116:117:void onClick(android.content.DialogInterface,int) -> onClick
com.byreytiz.game.core.DialogClientSettingsColorFragment$2$2 -> v1.c$b$b:
    com.byreytiz.game.core.DialogClientSettingsColorFragment$2 this$1 -> a
    104:104:void <init>(com.byreytiz.game.core.DialogClientSettingsColorFragment$2) -> <init>
    107:110:void onColorSelected(com.skydoves.colorpickerview.ColorEnvelope,boolean) -> b
...
com.google.android.gms.common.api.internal.zaae -> com.google.android.gms.common.api.internal.r:
# {"id":"sourceFile","fileName":"com.google.android.gms:play-services-base@@18.0.1"}
    com.google.android.gms.common.api.internal.GoogleApiManager zae -> k
    androidx.collection.ArraySet zad -> j
    1:3:void <init>(com.google.android.gms.common.api.internal.LifecycleFragment,com.google.android.gms.common.api.internal.GoogleApiManager,com.google.android.gms.common.GoogleApiAvailability) -> <init>
    1:2:void onResume() -> h
    1:2:void onStart() -> j
    1:2:void onStop() -> k
    1:1:void zab(com.google.android.gms.common.ConnectionResult,int) -> m
    1:1:void zac() -> n
    androidx.collection.ArraySet zaa() -> t
    1:6:void zad(android.app.Activity,com.google.android.gms.common.api.internal.GoogleApiManager,com.google.android.gms.common.api.internal.ApiKey) -> u
    1:2:void zae() -> v
com.google.android.gms.common.api.internal.zaaf -> com.google.android.gms.common.api.internal.s:
# {"id":"sourceFile","fileName":"com.google.android.gms:play-services-base@@18.0.1"}
    com.google.android.gms.common.api.internal.ApiKey zaa -> a
    com.google.android.gms.tasks.TaskCompletionSource zab -> b
    com.google.android.gms.common.api.internal.ApiKey zaa() -> a
    com.google.android.gms.tasks.TaskCompletionSource zab() -> b
com.google.android.gms.common.api.internal.zaag -> com.google.android.gms.common.api.internal.t:
# {"id":"sourceFile","fileName":"com.google.android.gms:play-services-base@@18.0.1"}
com.google.android.gms.common.api.internal.zabk -> com.google.android.gms.common.api.internal.u:
# {"id":"sourceFile","fileName":"com.google.android.gms:play-services-base@@18.0.1"}
    android.os.Handler zaa -> a
com.google.android.gms.common.api.internal.zabl -> com.google.android.gms.common.api.internal.v:
# {"id":"sourceFile","fileName":"com.google.android.gms:play-services-base@@18.0.1"}
    com.google.android.gms.common.api.internal.GoogleApiManager zaa -> a
    1:2:void onBackgroundStateChanged(boolean) -> a
com.google.android.gms.common.api.internal.zabm -> com.google.android.gms.common.api.internal.w:
# {"id":"sourceFile","fileName":"com.google.android.gms:play-services-base@@18.0.1"}
    com.google.android.gms.common.api.internal.zabq zaa -> e
    1:1:void run() -> run
com.google.android.gms.common.api.internal.zabn -> com.google.android.gms.common.api.internal.x:
# {"id":"sourceFile","fileName":"com.google.android.gms:play-services-base@@18.0.1"}
    com.google.android.gms.common.api.internal.zabq zab -> f
    int zaa -> e
    1:1:void run() -> run
com.google.android.gms.common.api.internal.zabo -> com.google.android.gms.common.api.internal.y:
# {"id":"sourceFile","fileName":"com.google.android.gms:play-services-base@@18.0.1"}
    com.google.android.gms.common.api.internal.zabp zaa -> e
    1:2:void run() -> run
com.google.android.gms.common.api.internal.zabp -> com.google.android.gms.common.api.internal.z:
# {"id":"sourceFile","fileName":"com.google.android.gms:play-services-base@@18.0.1"}
    com.google.android.gms.common.api.internal.zabq zaa -> a
    1:1:void onSignOutComplete() -> a