app_rac/build/outputs/mapping/debug/usage.txt
com.byreytiz.game.BuildConfig
com.byreytiz.game.GTASA
com.byreytiz.game.R$anim
com.byreytiz.game.R$animator
com.byreytiz.game.R$array
com.byreytiz.game.R$attr
com.byreytiz.game.R$bool
com.byreytiz.game.R$color
com.byreytiz.game.R$dimen
com.byreytiz.game.R$drawable
com.byreytiz.game.R$font
com.byreytiz.game.R$id
com.byreytiz.game.R$integer
com.byreytiz.game.R$interpolator
com.byreytiz.game.R$layout
com.byreytiz.game.R$raw
com.byreytiz.game.R$string
com.byreytiz.game.R$style
com.byreytiz.game.R$styleable:
    public static final int ActionBarLayout_android_layout_gravity
    public static final int ActionBar_background
    public static final int ActionBar_backgroundSplit
    public static final int ActionBar_backgroundStacked
    public static final int ActionBar_contentInsetEnd
    public static final int ActionBar_contentInsetEndWithActions
    public static final int ActionBar_contentInsetLeft
    public static final int ActionBar_contentInsetRight
    public static final int ActionBar_contentInsetStart
    public static final int ActionBar_contentInsetStartWithNavigation
    public static final int ActionBar_customNavigationLayout
    public static final int ActionBar_displayOptions
    public static final int ActionBar_divider
    public static final int ActionBar_elevation
    public static final int ActionBar_height
    public static final int ActionBar_hideOnContentScroll
    public static final int ActionBar_homeAsUpIndicator
    public static final int ActionBar_homeLayout
    public static final int ActionBar_icon
    public static final int ActionBar_indeterminateProgressStyle
    public static final int ActionBar_itemPadding
    public static final int ActionBar_logo
    public static final int ActionBar_navigationMode
    public static final int ActionBar_popupTheme
    public static final int ActionBar_progressBarPadding
    public static final int ActionBar_progressBarStyle
com.byreytiz.game.R$xml
com.byreytiz.game.R
com.byreytiz.game.core.Config
com.byreytiz.game.core.DialogClientSettings:
    static final int mSettingsComonEnd
    static final int mSettingsComonStart
    static final int mSettingsHudCount
    static final int mSettingsHudFPSEnd
    static final int mSettingsHudFPSStart
    static final int mSettingsWeaponsEnd
    static final int mSettingsWeaponsStart
com.byreytiz.game.core.DialogClientSettingsColorFragment:
    public void save()
com.byreytiz.game.core.DialogClientSettingsCommonFragment:
    private java.util.HashMap mOldDrawables
    public void save()
com.byreytiz.game.core.DialogClientSettingsFPSFragment:
    public void save()
com.byreytiz.game.core.DialogClientSettingsHUDFragment:
    public void save()
com.byreytiz.game.core.DialogClientSettingsOld$1
com.byreytiz.game.core.DialogClientSettingsOld
com.byreytiz.game.core.DialogClientSettingsWeaponsFragment:
    public void save()
com.byreytiz.game.core.GTASA:
    public void AfterDownloadFunction()
    public void EnterSocialClub()
    public void ExitSocialClub()
    public native void main()
    public native void setCurrentScreenSize(int,int)
    public static void staticEnterSocialClub()
    public static void staticExitSocialClub()
com.byreytiz.game.core.ISaveableFragment
com.byreytiz.game.core.Utils$1
com.byreytiz.game.core.Utils
com.byreytiz.game.gui.BrDialogWindow:
    boolean z
    private float[][] getColumnsWidth(android.widget.TextView,java.lang.String[])
    private float[] getMaxWidths(float[][])
...
com.google.firebase.internal.InternalTokenResult
com.google.firebase.internal.api.FirebaseNoSignedInUserException
com.google.firebase.platforminfo.GlobalLibraryVersionRegistrar:
    public void registerVersion(java.lang.String,java.lang.String)
com.google.firebase.platforminfo.KotlinDetector:
    private void <init>()
com.google.firebase.platforminfo.LibraryVersionComponent:
    private void <init>()
com.google.firebase.provider.FirebaseInitProvider:
    static final java.lang.String EMPTY_APPLICATION_ID_PROVIDER_AUTHORITY
    private static final java.lang.String TAG
com.google.gson.DefaultDateTypeAdapter
com.google.gson.FieldAttributes:
    java.lang.Object get(java.lang.Object)
    public java.lang.annotation.Annotation getAnnotation(java.lang.Class)
    public java.util.Collection getAnnotations()
    public java.lang.Class getDeclaredClass()
    public java.lang.reflect.Type getDeclaredType()
    public java.lang.Class getDeclaringClass()
    public java.lang.String getName()
    public boolean hasModifier(int)
    boolean isSynthetic()
com.google.gson.Gson:
    static final boolean DEFAULT_COMPLEX_MAP_KEYS
    static final boolean DEFAULT_ESCAPE_HTML
    static final boolean DEFAULT_JSON_NON_EXECUTABLE
    static final boolean DEFAULT_LENIENT
    static final boolean DEFAULT_PRETTY_PRINT
    static final boolean DEFAULT_SERIALIZE_NULLS
    static final boolean DEFAULT_SPECIALIZE_FLOAT_VALUES
    private static final java.lang.String JSON_NON_EXECUTABLE_PREFIX
    private static void assertFullConsumption(java.lang.Object,com.google.gson.stream.JsonReader)
    public com.google.gson.internal.Excluder excluder()
    public com.google.gson.FieldNamingStrategy fieldNamingStrategy()
    public java.lang.Object fromJson(com.google.gson.JsonElement,java.lang.Class)
    public java.lang.Object fromJson(com.google.gson.JsonElement,java.lang.reflect.Type)
    public java.lang.Object fromJson(com.google.gson.stream.JsonReader,java.lang.reflect.Type)
    public java.lang.Object fromJson(java.io.Reader,java.lang.Class)
    public java.lang.Object fromJson(java.io.Reader,java.lang.reflect.Type)
    public java.lang.Object fromJson(java.lang.String,java.lang.Class)
    public java.lang.Object fromJson(java.lang.String,java.lang.reflect.Type)
    public boolean htmlSafe()
    public boolean serializeNulls()
    public java.lang.String toJson(com.google.gson.JsonElement)
    public java.lang.String toJson(java.lang.Object)
    public java.lang.String toJson(java.lang.Object,java.lang.reflect.Type)
com.google.gson.GsonBuilder
com.google.gson.JsonArray:
    public void add(java.lang.Boolean)
    public void add(java.lang.Character)
    public void add(java.lang.Number)
    public void add(java.lang.String)
    public void addAll(com.google.gson.JsonArray)
    public boolean contains(com.google.gson.JsonElement)
    com.google.gson.JsonArray deepCopy()
    synthetic bridge com.google.gson.JsonElement deepCopy()
    public com.google.gson.JsonElement get(int)
    public java.math.BigDecimal getAsBigDecimal()
    public java.math.BigInteger getAsBigInteger()
    public boolean getAsBoolean()
    public byte getAsByte()
    public char getAsCharacter()
    public double getAsDouble()
    public float getAsFloat()
    public int getAsInt()
    public long getAsLong()
    public java.lang.Number getAsNumber()
    public short getAsShort()
    public java.lang.String getAsString()
    public com.google.gson.JsonElement remove(int)
    public boolean remove(com.google.gson.JsonElement)
    public com.google.gson.JsonElement set(int,com.google.gson.JsonElement)
    public int size()
com.google.gson.JsonDeserializationContext:
    public abstract java.lang.Object deserialize(com.google.gson.JsonElement,java.lang.reflect.Type)